|-----------------------------------------------------------------------------------------------|
| PAT_NAME                                | RUN_DATE                      | RESULT              |
|-----------------------------------------------------------------------------------------------|
| reg_init_chk                            | 23:04:48 Sep 02 2025          | PASSED              |
|-----------------------------------------------------------------------------------------------|
| reg_rw_chk                              | 23:04:50 Sep 02 2025          | PASSED              |
|-----------------------------------------------------------------------------------------------|
| reg_reserved_chk                        | 23:04:51 Sep 02 2025          | PASSED              |
|-----------------------------------------------------------------------------------------------|
| reg_1hot_chk                            | 23:04:53 Sep 02 2025          | PASSED              |
|-----------------------------------------------------------------------------------------------|
| reg_byte_access                         | 23:04:55 Sep 02 2025          | PASSED              |
|-----------------------------------------------------------------------------------------------|
| cnt_ctrl_chk                            | 23:05:10 Sep 02 2025          | PASSED              |
|-----------------------------------------------------------------------------------------------|
| apb_protocol_chk                        | 23:05:12 Sep 02 2025          | PASSED              |
|-----------------------------------------------------------------------------------------------|
| apb_multiple_access                     | 23:05:13 Sep 02 2025          | PASSED              |
|-----------------------------------------------------------------------------------------------|
| apb_unaligned_chk                       | 23:05:15 Sep 02 2025          | PASSED              |
|-----------------------------------------------------------------------------------------------|
| cnt_counting_chk                        | 23:05:17 Sep 02 2025          | PASSED              |
|-----------------------------------------------------------------------------------------------|
| interrupt_chk                           | 23:05:19 Sep 02 2025          | PASSED              |
|-----------------------------------------------------------------------------------------------|
| cnt_halt_chk                            | 23:05:34 Sep 02 2025          | PASSED              |
|-----------------------------------------------------------------------------------------------|
| apb_pslverr_chk                         | 23:05:36 Sep 02 2025          | PASSED              |
|-----------------------------------------------------------------------------------------------|
TOTAL/PASSED/REMAIN:13/13/0
